build/app/outputs/mapping/release/mapping.txt
# compiler: R8
# compiler_version: 1.5.64
# min_api: 21
# pg_map_id: 69baf49
...
io.grpc.internal.SharedResourceHolder$Instance -> e.b.n1.c2$c:
    java.lang.Object payload -> a
    int refcount -> b
    java.util.concurrent.ScheduledFuture destroyTask -> c
io.grpc.internal.SharedResourceHolder$Resource -> e.b.n1.c2$d:
    void close(java.lang.Object) -> a
    java.lang.Object create() -> a
io.grpc.internal.SharedResourceHolder$ScheduledExecutorFactory -> e.b.n1.c2$e:
    java.util.concurrent.ScheduledExecutorService createScheduledExecutor() -> a
io.grpc.internal.SharedResourcePool -> e.b.n1.d2:
    io.grpc.internal.SharedResourceHolder$Resource resource -> a
    io.grpc.internal.SharedResourcePool forResource(io.grpc.internal.SharedResourceHolder$Resource) -> a
    java.lang.Object getObject() -> a
    java.lang.Object returnObject(java.lang.Object) -> a
io.grpc.internal.StatsTraceContext -> e.b.n1.e2:
    io.grpc.internal.StatsTraceContext NOOP -> c
    io.grpc.StreamTracer[] tracers -> a
    java.util.concurrent.atomic.AtomicBoolean closed -> b
    void clientInboundHeaders() -> a
    void clientInboundTrailers(io.grpc.Metadata) -> a
    void inboundMessage(int) -> a
    void inboundMessageRead(int,long,long) -> a
    void inboundUncompressedSize(long) -> a
    io.grpc.internal.StatsTraceContext newClientContext(io.grpc.CallOptions,io.grpc.Attributes,io.grpc.Metadata) -> a
    void streamClosed(io.grpc.Status) -> a
    void clientOutboundHeaders() -> b
    void inboundWireSize(long) -> b
    void outboundMessage(int) -> b
    void outboundMessageSent(int,long,long) -> b
    void outboundUncompressedSize(long) -> c
    void outboundWireSize(long) -> d
io.grpc.internal.Stream -> e.b.n1.f2:
    void setCompressor(io.grpc.Compressor) -> a
    void writeMessage(java.io.InputStream) -> a
    void request(int) -> b
io.grpc.internal.StreamListener -> e.b.n1.g2:
    void messagesAvailable(io.grpc.internal.StreamListener$MessageProducer) -> a
    void onReady() -> a
io.grpc.internal.StreamListener$MessageProducer -> e.b.n1.g2$a:
io.grpc.internal.TimeProvider -> e.b.n1.h2:
    io.grpc.internal.TimeProvider SYSTEM_TIME_PROVIDER -> a
    long currentTimeNanos() -> a
io.grpc.internal.TimeProvider$1 -> e.b.n1.h2$a:
    long currentTimeNanos() -> a
io.grpc.internal.TransportFrameUtil -> e.b.n1.i2:
    byte[] binaryHeaderSuffixBytes -> b
    java.util.logging.Logger logger -> a
    boolean endsWith(byte[],byte[]) -> a
    boolean isSpecCompliantAscii(byte[]) -> a
    byte[][] serializeHeadersWithCommasInBin(byte[][],int) -> a
    byte[][] toHttp2Headers(io.grpc.Metadata) -> a
    byte[][] toRawSerializedHeaders(byte[][]) -> a
io.grpc.internal.TransportTracer -> e.b.n1.j2:
    io.grpc.internal.TimeProvider timeProvider -> a
    io.grpc.internal.LongCounter messagesReceived -> g
    io.grpc.internal.TransportTracer$Factory DEFAULT_FACTORY -> h
    long messagesSent -> f
    long keepAlivesSent -> e
    long streamsStarted -> b
    long streamsFailed -> d
    long streamsSucceeded -> c
    void reportKeepAliveSent() -> a
    void reportMessageSent(int) -> a
    void reportStreamClosed(boolean) -> a
    void setFlowControlWindowReader(io.grpc.internal.TransportTracer$FlowControlReader) -> a
    void reportLocalStreamStarted() -> b
    void reportMessageReceived() -> c
    io.grpc.internal.TransportTracer$Factory getDefaultFactory() -> d
io.grpc.internal.TransportTracer$1 -> e.b.n1.j2$a:
io.grpc.internal.TransportTracer$Factory -> e.b.n1.j2$b:
    io.grpc.internal.TimeProvider timeProvider -> a
    io.grpc.internal.TransportTracer create() -> a
io.grpc.internal.TransportTracer$FlowControlReader -> e.b.n1.j2$c:
io.grpc.internal.WritableBuffer -> e.b.n1.k2:
    void release() -> a
    void write(byte) -> a
    void write(byte[],int,int) -> a
    int writableBytes() -> b
    int readableBytes() -> i
io.grpc.internal.WritableBufferAllocator -> e.b.n1.l2:
    io.grpc.internal.WritableBuffer allocate(int) -> a